# JRE version: OpenJDK Runtime Environment (11.0.12+7) (build 11.0.12+7-b1504.28-7817840)
# Java VM: OpenJDK 64-Bit Server VM (11.0.12+7-b1504.28-7817840, mixed mode, tiered, compressed oops, g1 gc, windows-amd64)
Heap:
 garbage-first heap   total 57344K, used 18130K [0x0000000080000000, 0x0000000100000000)
  region size 1024K, 4 young (4096K), 3 survivors (3072K)
 Metaspace       used 25728K, capacity 26270K, committed 26544K, reserved 1073152K
  class space    used 3263K, capacity 3457K, committed 3584K, reserved 1048576K
GC Heap History (14 events):
Event: 1.253 GC heap before
{Heap before GC invocations=0 (full 0):
 garbage-first heap   total 57344K, used 20480K [0x0000000080000000, 0x0000000100000000)
  region size 1024K, 14 young (14336K), 0 survivors (0K)
 Metaspace       used 7578K, capacity 7733K, committed 7936K, reserved 1056768K
  class space    used 706K, capacity 749K, committed 768K, reserved 1048576K
}
Event: 1.276 GC heap after
{Heap after GC invocations=1 (full 0):
 garbage-first heap   total 57344K, used 8187K [0x0000000080000000, 0x0000000100000000)
  region size 1024K, 2 young (2048K), 2 survivors (2048K)
 Metaspace       used 7578K, capacity 7733K, committed 7936K, reserved 1056768K
  class space    used 706K, capacity 749K, committed 768K, reserved 1048576K
}
Event: 2.070 GC heap before
{Heap before GC invocations=1 (full 0):
 garbage-first heap   total 57344K, used 19451K [0x0000000080000000, 0x0000000100000000)
  region size 1024K, 13 young (13312K), 2 survivors (2048K)
 Metaspace       used 10878K, capacity 11138K, committed 11264K, reserved 1058816K
  class space    used 1146K, capacity 1203K, committed 1280K, reserved 1048576K
}
Event: 2.075 GC heap after
{Heap after GC invocations=2 (full 0):
 garbage-first heap   total 57344K, used 9064K [0x0000000080000000, 0x0000000100000000)
  region size 1024K, 1 young (1024K), 1 survivors (1024K)
 Metaspace       used 10878K, capacity 11138K, committed 11264K, reserved 1058816K
  class space    used 1146K, capacity 1203K, committed 1280K, reserved 1048576K
}
Event: 2.644 GC heap before
{Heap before GC invocations=2 (full 0):
 garbage-first heap   total 57344K, used 27496K [0x0000000080000000, 0x0000000100000000)
  region size 1024K, 20 young (20480K), 1 survivors (1024K)
 Metaspace       used 10965K, capacity 11202K, committed 11520K, reserved 1058816K
  class space    used 1146K, capacity 1203K, committed 1280K, reserved 1048576K
}
Event: 2.649 GC heap after
{Heap after GC invocations=3 (full 0):
 garbage-first heap   total 57344K, used 10570K [0x0000000080000000, 0x0000000100000000)
  region size 1024K, 3 young (3072K), 3 survivors (3072K)
 Metaspace       used 10965K, capacity 11202K, committed 11520K, reserved 1058816K
  class space    used 1146K, capacity 1203K, committed 1280K, reserved 1048576K
}
Event: 3.541 GC heap before
{Heap before GC invocations=3 (full 0):
 garbage-first heap   total 57344K, used 30026K [0x0000000080000000, 0x0000000100000000)
  region size 1024K, 23 young (23552K), 3 survivors (3072K)
 Metaspace       used 12517K, capacity 12777K, committed 13056K, reserved 1060864K
  class space    used 1373K, capacity 1472K, committed 1536K, reserved 1048576K
}
Event: 3.551 GC heap after
{Heap after GC invocations=4 (full 0):
 garbage-first heap   total 57344K, used 13988K [0x0000000080000000, 0x0000000100000000)
  region size 1024K, 3 young (3072K), 3 survivors (3072K)
 Metaspace       used 12517K, capacity 12777K, committed 13056K, reserved 1060864K
  class space    used 1373K, capacity 1472K, committed 1536K, reserved 1048576K
}
Event: 6.439 GC heap before
{Heap before GC invocations=4 (full 0):
 garbage-first heap   total 57344K, used 34468K [0x0000000080000000, 0x0000000100000000)
  region size 1024K, 23 young (23552K), 3 survivors (3072K)
 Metaspace       used 17764K, capacity 18215K, committed 18432K, reserved 1064960K
  class space    used 2131K, capacity 2297K, committed 2304K, reserved 1048576K
}
Event: 6.494 GC heap after
{Heap after GC invocations=5 (full 0):
 garbage-first heap   total 57344K, used 15801K [0x0000000080000000, 0x0000000100000000)
  region size 1024K, 2 young (2048K), 2 survivors (2048K)
 Metaspace       used 17764K, capacity 18215K, committed 18432K, reserved 1064960K
  class space    used 2131K, capacity 2297K, committed 2304K, reserved 1048576K
}
Event: 7.480 GC heap before
{Heap before GC invocations=5 (full 0):
 garbage-first heap   total 57344K, used 30137K [0x0000000080000000, 0x0000000100000000)
  region size 1024K, 17 young (17408K), 2 survivors (2048K)
 Metaspace       used 20670K, capacity 21112K, committed 21296K, reserved 1069056K
  class space    used 2430K, capacity 2607K, committed 2688K, reserved 1048576K
}
Event: 7.485 GC heap after
{Heap after GC invocations=6 (full 0):
 garbage-first heap   total 57344K, used 16392K [0x0000000080000000, 0x0000000100000000)
  region size 1024K, 1 young (1024K), 1 survivors (1024K)
 Metaspace       used 20670K, capacity 21112K, committed 21296K, reserved 1069056K
  class space    used 2430K, capacity 2607K, committed 2688K, reserved 1048576K
}
Event: 8.118 GC heap before
{Heap before GC invocations=7 (full 0):
 garbage-first heap   total 57344K, used 36872K [0x0000000080000000, 0x0000000100000000)
  region size 1024K, 21 young (21504K), 1 survivors (1024K)
 Metaspace       used 22741K, capacity 23265K, committed 23472K, reserved 1069056K
  class space    used 2819K, capacity 3007K, committed 3072K, reserved 1048576K
}
Event: 8.121 GC heap after
{Heap after GC invocations=8 (full 0):
 garbage-first heap   total 57344K, used 17184K [0x0000000080000000, 0x0000000100000000)
  region size 1024K, 2 young (2048K), 2 survivors (2048K)
 Metaspace       used 22741K, capacity 23265K, committed 23472K, reserved 1069056K
  class space    used 2819K, capacity 3007K, committed 3072K, reserved 1048576K
}

