# JRE version: OpenJDK Runtime Environment (11.0.12+7) (build 11.0.12+7-b1504.28-7817840)
# Java VM: OpenJDK 64-Bit Server VM (11.0.12+7-b1504.28-7817840, mixed mode, tiered, compressed oops, g1 gc, windows-amd64)
Heap:
 garbage-first heap   total 57344K, used 36537K [0x0000000080000000, 0x0000000100000000)
  region size 1024K, 22 young (22528K), 2 survivors (2048K)
 Metaspace       used 25772K, capacity 26274K, committed 26544K, reserved 1073152K
  class space    used 3270K, capacity 3457K, committed 3584K, reserved 1048576K
GC Heap History (14 events):
Event: 5.796 GC heap before
{Heap before GC invocations=0 (full 0):
 garbage-first heap   total 57344K, used 19456K [0x0000000080000000, 0x0000000100000000)
  region size 1024K, 14 young (14336K), 0 survivors (0K)
 Metaspace       used 7594K, capacity 7737K, committed 7936K, reserved 1056768K
  class space    used 706K, capacity 749K, committed 768K, reserved 1048576K
}
Event: 5.812 GC heap after
{Heap after GC invocations=1 (full 0):
 garbage-first heap   total 57344K, used 8187K [0x0000000080000000, 0x0000000100000000)
  region size 1024K, 2 young (2048K), 2 survivors (2048K)
 Metaspace       used 7594K, capacity 7737K, committed 7936K, reserved 1056768K
  class space    used 706K, capacity 749K, committed 768K, reserved 1048576K
}
Event: 7.607 GC heap before
{Heap before GC invocations=1 (full 0):
 garbage-first heap   total 57344K, used 20475K [0x0000000080000000, 0x0000000100000000)
  region size 1024K, 14 young (14336K), 2 survivors (2048K)
 Metaspace       used 10909K, capacity 11142K, committed 11264K, reserved 1058816K
  class space    used 1145K, capacity 1203K, committed 1280K, reserved 1048576K
}
Event: 7.613 GC heap after
{Heap after GC invocations=2 (full 0):
 garbage-first heap   total 57344K, used 9050K [0x0000000080000000, 0x0000000100000000)
  region size 1024K, 1 young (1024K), 1 survivors (1024K)
 Metaspace       used 10909K, capacity 11142K, committed 11264K, reserved 1058816K
  class space    used 1145K, capacity 1203K, committed 1280K, reserved 1048576K
}
Event: 8.090 GC heap before
{Heap before GC invocations=2 (full 0):
 garbage-first heap   total 57344K, used 28506K [0x0000000080000000, 0x0000000100000000)
  region size 1024K, 21 young (21504K), 1 survivors (1024K)
 Metaspace       used 10981K, capacity 11206K, committed 11520K, reserved 1058816K
  class space    used 1145K, capacity 1203K, committed 1280K, reserved 1048576K
}
Event: 8.095 GC heap after
{Heap after GC invocations=3 (full 0):
 garbage-first heap   total 57344K, used 10570K [0x0000000080000000, 0x0000000100000000)
  region size 1024K, 3 young (3072K), 3 survivors (3072K)
 Metaspace       used 10981K, capacity 11206K, committed 11520K, reserved 1058816K
  class space    used 1145K, capacity 1203K, committed 1280K, reserved 1048576K
}
Event: 10.631 GC heap before
{Heap before GC invocations=3 (full 0):
 garbage-first heap   total 57344K, used 32074K [0x0000000080000000, 0x0000000100000000)
  region size 1024K, 25 young (25600K), 3 survivors (3072K)
 Metaspace       used 13942K, capacity 14339K, committed 14592K, reserved 1062912K
  class space    used 1579K, capacity 1719K, committed 1792K, reserved 1048576K
}
Event: 10.644 GC heap after
{Heap after GC invocations=4 (full 0):
 garbage-first heap   total 57344K, used 14355K [0x0000000080000000, 0x0000000100000000)
  region size 1024K, 4 young (4096K), 4 survivors (4096K)
 Metaspace       used 13942K, capacity 14339K, committed 14592K, reserved 1062912K
  class space    used 1579K, capacity 1719K, committed 1792K, reserved 1048576K
}
Event: 13.186 GC heap before
{Heap before GC invocations=4 (full 0):
 garbage-first heap   total 57344K, used 35859K [0x0000000080000000, 0x0000000100000000)
  region size 1024K, 25 young (25600K), 4 survivors (4096K)
 Metaspace       used 18377K, capacity 18739K, committed 18816K, reserved 1064960K
  class space    used 2213K, capacity 2364K, committed 2432K, reserved 1048576K
}
Event: 13.194 GC heap after
{Heap after GC invocations=5 (full 0):
 garbage-first heap   total 57344K, used 15867K [0x0000000080000000, 0x0000000100000000)
  region size 1024K, 2 young (2048K), 2 survivors (2048K)
 Metaspace       used 18377K, capacity 18739K, committed 18816K, reserved 1064960K
  class space    used 2213K, capacity 2364K, committed 2432K, reserved 1048576K
}
Event: 13.516 GC heap before
{Heap before GC invocations=5 (full 0):
 garbage-first heap   total 57344K, used 26107K [0x0000000080000000, 0x0000000100000000)
  region size 1024K, 13 young (13312K), 2 survivors (2048K)
 Metaspace       used 20681K, capacity 21082K, committed 21296K, reserved 1069056K
  class space    used 2427K, capacity 2573K, committed 2688K, reserved 1048576K
}
Event: 13.519 GC heap after
{Heap after GC invocations=6 (full 0):
 garbage-first heap   total 57344K, used 16175K [0x0000000080000000, 0x0000000100000000)
  region size 1024K, 2 young (2048K), 2 survivors (2048K)
 Metaspace       used 20681K, capacity 21082K, committed 21296K, reserved 1069056K
  class space    used 2427K, capacity 2573K, committed 2688K, reserved 1048576K
}
Event: 14.083 GC heap before
{Heap before GC invocations=7 (full 0):
 garbage-first heap   total 57344K, used 37679K [0x0000000080000000, 0x0000000100000000)
  region size 1024K, 23 young (23552K), 2 survivors (2048K)
 Metaspace       used 22853K, capacity 23333K, committed 23472K, reserved 1069056K
  class space    used 2832K, capacity 3007K, committed 3072K, reserved 1048576K
}
Event: 14.087 GC heap after
{Heap after GC invocations=8 (full 0):
 garbage-first heap   total 57344K, used 17081K [0x0000000080000000, 0x0000000100000000)
  region size 1024K, 2 young (2048K), 2 survivors (2048K)
 Metaspace       used 22853K, capacity 23333K, committed 23472K, reserved 1069056K
  class space    used 2832K, capacity 3007K, committed 3072K, reserved 1048576K
}

