# JRE version: OpenJDK Runtime Environment (11.0.12+7) (build 11.0.12+7-b1504.28-7817840)
# Java VM: OpenJDK 64-Bit Server VM (11.0.12+7-b1504.28-7817840, mixed mode, tiered, compressed oops, g1 gc, windows-amd64)
Heap:
 garbage-first heap   total 57344K, used 42478K [0x0000000080000000, 0x0000000100000000)
  region size 1024K, 8 young (8192K), 1 survivors (1024K)
 Metaspace       used 45872K, capacity 47085K, committed 47280K, reserved 1089536K
  class space    used 5913K, capacity 6374K, committed 6400K, reserved 1048576K
GC Heap History (20 events):
Event: 8.853 GC heap before
{Heap before GC invocations=11 (full 0):
 garbage-first heap   total 57344K, used 26022K [0x0000000080000000, 0x0000000100000000)
  region size 1024K, 9 young (9216K), 3 survivors (3072K)
 Metaspace       used 34908K, capacity 35627K, committed 35888K, reserved 1081344K
  class space    used 4454K, capacity 4706K, committed 4736K, reserved 1048576K
}
Event: 8.861 GC heap after
{Heap after GC invocations=12 (full 0):
 garbage-first heap   total 57344K, used 21503K [0x0000000080000000, 0x0000000100000000)
  region size 1024K, 1 young (1024K), 1 survivors (1024K)
 Metaspace       used 34908K, capacity 35627K, committed 35888K, reserved 1081344K
  class space    used 4454K, capacity 4706K, committed 4736K, reserved 1048576K
}
Event: 9.415 GC heap before
{Heap before GC invocations=13 (full 0):
 garbage-first heap   total 57344K, used 37887K [0x0000000080000000, 0x0000000100000000)
  region size 1024K, 15 young (15360K), 1 survivors (1024K)
 Metaspace       used 36779K, capacity 37418K, committed 37552K, reserved 1081344K
  class space    used 4606K, capacity 4853K, committed 4864K, reserved 1048576K
}
Event: 9.418 GC heap after
{Heap after GC invocations=14 (full 0):
 garbage-first heap   total 57344K, used 22453K [0x0000000080000000, 0x0000000100000000)
  region size 1024K, 2 young (2048K), 2 survivors (2048K)
 Metaspace       used 36779K, capacity 37418K, committed 37552K, reserved 1081344K
  class space    used 4606K, capacity 4853K, committed 4864K, reserved 1048576K
}
Event: 10.207 GC heap before
{Heap before GC invocations=14 (full 0):
 garbage-first heap   total 57344K, used 36789K [0x0000000080000000, 0x0000000100000000)
  region size 1024K, 17 young (17408K), 2 survivors (2048K)
 Metaspace       used 38496K, capacity 39262K, committed 39472K, reserved 1083392K
  class space    used 4878K, capacity 5161K, committed 5248K, reserved 1048576K
}
Event: 10.210 GC heap after
{Heap after GC invocations=15 (full 0):
 garbage-first heap   total 57344K, used 22940K [0x0000000080000000, 0x0000000100000000)
  region size 1024K, 2 young (2048K), 2 survivors (2048K)
 Metaspace       used 38496K, capacity 39262K, committed 39472K, reserved 1083392K
  class space    used 4878K, capacity 5161K, committed 5248K, reserved 1048576K
}
Event: 10.884 GC heap before
{Heap before GC invocations=15 (full 0):
 garbage-first heap   total 57344K, used 39324K [0x0000000080000000, 0x0000000100000000)
  region size 1024K, 18 young (18432K), 2 survivors (2048K)
 Metaspace       used 39372K, capacity 40243K, committed 40368K, reserved 1085440K
  class space    used 5005K, capacity 5318K, committed 5376K, reserved 1048576K
}
Event: 10.890 GC heap after
{Heap after GC invocations=16 (full 0):
 garbage-first heap   total 57344K, used 24233K [0x0000000080000000, 0x0000000100000000)
  region size 1024K, 2 young (2048K), 2 survivors (2048K)
 Metaspace       used 39372K, capacity 40243K, committed 40368K, reserved 1085440K
  class space    used 5005K, capacity 5318K, committed 5376K, reserved 1048576K
}
Event: 11.325 GC heap before
{Heap before GC invocations=16 (full 0):
 garbage-first heap   total 57344K, used 40617K [0x0000000080000000, 0x0000000100000000)
  region size 1024K, 18 young (18432K), 2 survivors (2048K)
 Metaspace       used 40738K, capacity 41634K, committed 41904K, reserved 1085440K
  class space    used 5228K, capacity 5527K, committed 5632K, reserved 1048576K
}
Event: 11.331 GC heap after
{Heap after GC invocations=17 (full 0):
 garbage-first heap   total 57344K, used 24719K [0x0000000080000000, 0x0000000100000000)
  region size 1024K, 2 young (2048K), 2 survivors (2048K)
 Metaspace       used 40738K, capacity 41634K, committed 41904K, reserved 1085440K
  class space    used 5228K, capacity 5527K, committed 5632K, reserved 1048576K
}
Event: 11.984 GC heap before
{Heap before GC invocations=17 (full 0):
 garbage-first heap   total 57344K, used 41103K [0x0000000080000000, 0x0000000100000000)
  region size 1024K, 18 young (18432K), 2 survivors (2048K)
 Metaspace       used 42224K, capacity 43121K, committed 43312K, reserved 1087488K
  class space    used 5416K, capacity 5726K, committed 5760K, reserved 1048576K
}
Event: 11.988 GC heap after
{Heap after GC invocations=18 (full 0):
 garbage-first heap   total 57344K, used 25419K [0x0000000080000000, 0x0000000100000000)
  region size 1024K, 2 young (2048K), 2 survivors (2048K)
 Metaspace       used 42224K, capacity 43121K, committed 43312K, reserved 1087488K
  class space    used 5416K, capacity 5726K, committed 5760K, reserved 1048576K
}
Event: 12.822 GC heap before
{Heap before GC invocations=18 (full 0):
 garbage-first heap   total 57344K, used 41803K [0x0000000080000000, 0x0000000100000000)
  region size 1024K, 18 young (18432K), 2 survivors (2048K)
 Metaspace       used 43101K, capacity 44043K, committed 44208K, reserved 1087488K
  class space    used 5518K, capacity 5841K, committed 5888K, reserved 1048576K
}
Event: 12.826 GC heap after
{Heap after GC invocations=19 (full 0):
 garbage-first heap   total 57344K, used 26252K [0x0000000080000000, 0x0000000100000000)
  region size 1024K, 3 young (3072K), 3 survivors (3072K)
 Metaspace       used 43101K, capacity 44043K, committed 44208K, reserved 1087488K
  class space    used 5518K, capacity 5841K, committed 5888K, reserved 1048576K
}
Event: 13.086 GC heap before
{Heap before GC invocations=19 (full 0):
 garbage-first heap   total 57344K, used 35468K [0x0000000080000000, 0x0000000100000000)
  region size 1024K, 13 young (13312K), 3 survivors (3072K)
 Metaspace       used 43272K, capacity 44207K, committed 44464K, reserved 1087488K
  class space    used 5532K, capacity 5849K, committed 5888K, reserved 1048576K
}
Event: 13.092 GC heap after
{Heap after GC invocations=20 (full 0):
 garbage-first heap   total 57344K, used 30607K [0x0000000080000000, 0x0000000100000000)
  region size 1024K, 3 young (3072K), 3 survivors (3072K)
 Metaspace       used 43272K, capacity 44207K, committed 44464K, reserved 1087488K
  class space    used 5532K, capacity 5849K, committed 5888K, reserved 1048576K
}
Event: 13.755 GC heap before
{Heap before GC invocations=21 (full 0):
 garbage-first heap   total 57344K, used 44943K [0x0000000080000000, 0x0000000100000000)
  region size 1024K, 16 young (16384K), 3 survivors (3072K)
 Metaspace       used 43841K, capacity 44911K, committed 45104K, reserved 1089536K
  class space    used 5624K, capacity 6005K, committed 6016K, reserved 1048576K
}
Event: 13.762 GC heap after
{Heap after GC invocations=22 (full 0):
 garbage-first heap   total 57344K, used 35765K [0x0000000080000000, 0x0000000100000000)
  region size 1024K, 2 young (2048K), 2 survivors (2048K)
 Metaspace       used 43841K, capacity 44911K, committed 45104K, reserved 1089536K
  class space    used 5624K, capacity 6005K, committed 6016K, reserved 1048576K
}
Event: 14.142 GC heap before
{Heap before GC invocations=22 (full 0):
 garbage-first heap   total 57344K, used 46005K [0x0000000080000000, 0x0000000100000000)
  region size 1024K, 12 young (12288K), 2 survivors (2048K)
 Metaspace       used 45076K, capacity 46284K, committed 46384K, reserved 1089536K
  class space    used 5793K, capacity 6253K, committed 6272K, reserved 1048576K
}
Event: 14.146 GC heap after
{Heap after GC invocations=23 (full 0):
 garbage-first heap   total 57344K, used 36334K [0x0000000080000000, 0x0000000100000000)
  region size 1024K, 1 young (1024K), 1 survivors (1024K)
 Metaspace       used 45076K, capacity 46284K, committed 46384K, reserved 1089536K
  class space    used 5793K, capacity 6253K, committed 6272K, reserved 1048576K
}

